run:
Generating powergrid.
---------------------------------------
[class: powerGrid.PowerGrid method: <init>] Created generator 0
---------------------------------------
---------------------------------------
[class: powerGrid.PowerGrid method: <init>] created co2 for 0
---------------------------------------
---------------------------------------
[class: powerGrid.PowerGrid method: <init>] created load 0 for generator 0
---------------------------------------
---------------------------------------
[class: powerGrid.PowerGrid method: <init>] created load 1 for generator 0
---------------------------------------
---------------------------------------
[class: powerGrid.PowerGrid method: <init>] Created generator 1
---------------------------------------
---------------------------------------
[class: powerGrid.PowerGrid method: <init>] created co2 for 1
---------------------------------------
---------------------------------------
[class: powerGrid.PowerGrid method: <init>] created load 0 for generator 1
---------------------------------------
---------------------------------------
[class: powerGrid.PowerGrid method: <init>] created load 1 for generator 1
---------------------------------------
---------------------------------------
[class: powerGrid.PowerGrid method: <init>] Created 2 generators.
Generator{id=2 power=1.0 CO2=CO2Simple{mult=3.0maxPower=1.0}}
-- Load{id=3 requiredPower=0.2494073337923688}
-- Load{id=2 requiredPower=0.25067829278313725}

Generator{id=1 power=1.0 CO2=CO2Simple{mult=2.0maxPower=1.0}}
-- Load{id=1 requiredPower=0.2501626666170022}
-- Load{id=0 requiredPower=0.25088535302030285}

---------------------------------------
---------------------------------------
[class: powerGrid.PowerGrid method: <init>] Created 4 loads.
Load{id=3 requiredPower=0.2494073337923688}
-- Generator{id=2 power=1.0 CO2=CO2Simple{mult=3.0maxPower=1.0}}

Load{id=1 requiredPower=0.2501626666170022}
-- Generator{id=1 power=1.0 CO2=CO2Simple{mult=2.0maxPower=1.0}}

Load{id=2 requiredPower=0.25067829278313725}
-- Generator{id=2 power=1.0 CO2=CO2Simple{mult=3.0maxPower=1.0}}

Load{id=0 requiredPower=0.25088535302030285}
-- Generator{id=1 power=1.0 CO2=CO2Simple{mult=2.0maxPower=1.0}}

---------------------------------------
---------------------------------------
[class: powerGrid.PowerGrid method: <init>] Phase 1 (single core): 14 ms
---------------------------------------
---------------------------------------
[class: powerGrid.PowerGrid method: <init>] Loads to link: 2
Load{id=1 requiredPower=0.2501626666170022}
Load{id=3 requiredPower=0.2494073337923688}
Generators to link: 2
Generator{id=1 power=1.0 CO2=CO2Simple{mult=2.0maxPower=1.0}}
Generator{id=2 power=1.0 CO2=CO2Simple{mult=3.0maxPower=1.0}}
---------------------------------------
---------------------------------------
[class: powerGrid.PowerGrid method: <init>] load_to_link selected=Load{id=1 requiredPower=0.2501626666170022}
---------------------------------------
---------------------------------------
[class: powerGrid.PowerGrid method: <init>] generator selected=Generator{id=2 power=1.0 CO2=CO2Simple{mult=3.0maxPower=1.0}} while list has 2 elements
---------------------------------------
---------------------------------------
[class: powerGrid.PowerGrid method: <init>] Remove Generator{id=2 power=1.0 CO2=CO2Simple{mult=3.0maxPower=1.0}} with 3 loads: -- Load{id=3 requiredPower=0.2494073337923688}
-- Load{id=1 requiredPower=0.2501626666170022}
-- Load{id=2 requiredPower=0.25067829278313725}

---------------------------------------
---------------------------------------
[class: powerGrid.PowerGrid method: <init>] load_to_link selected=Load{id=3 requiredPower=0.2494073337923688}
---------------------------------------
---------------------------------------
[class: powerGrid.PowerGrid method: <init>] generator selected=Generator{id=1 power=1.0 CO2=CO2Simple{mult=2.0maxPower=1.0}} while list has 1 elements
---------------------------------------
---------------------------------------
[class: powerGrid.PowerGrid method: <init>] Remove Generator{id=1 power=1.0 CO2=CO2Simple{mult=2.0maxPower=1.0}} with 3 loads: -- Load{id=3 requiredPower=0.2494073337923688}
-- Load{id=1 requiredPower=0.2501626666170022}
-- Load{id=0 requiredPower=0.25088535302030285}

---------------------------------------
---------------------------------------
[class: powerGrid.PowerGrid method: <init>] Phase 1+2 (single core): 35 ms
---------------------------------------
---------------------------------------
[class: powerGrid.PowerGrid method: <init>] Created 2 generators.
Generator{id=2 power=1.0 CO2=CO2Simple{mult=3.0maxPower=1.0}}
-- Load{id=3 requiredPower=0.2494073337923688}
-- Load{id=1 requiredPower=0.2501626666170022}
-- Load{id=2 requiredPower=0.25067829278313725}

Generator{id=1 power=1.0 CO2=CO2Simple{mult=2.0maxPower=1.0}}
-- Load{id=3 requiredPower=0.2494073337923688}
-- Load{id=1 requiredPower=0.2501626666170022}
-- Load{id=0 requiredPower=0.25088535302030285}

---------------------------------------
---------------------------------------
[class: powerGrid.PowerGrid method: <init>] Created 4 loads.
Load{id=3 requiredPower=0.2494073337923688}
-- Generator{id=2 power=1.0 CO2=CO2Simple{mult=3.0maxPower=1.0}}
-- Generator{id=1 power=1.0 CO2=CO2Simple{mult=2.0maxPower=1.0}}

Load{id=1 requiredPower=0.2501626666170022}
-- Generator{id=2 power=1.0 CO2=CO2Simple{mult=3.0maxPower=1.0}}
-- Generator{id=1 power=1.0 CO2=CO2Simple{mult=2.0maxPower=1.0}}

Load{id=2 requiredPower=0.25067829278313725}
-- Generator{id=2 power=1.0 CO2=CO2Simple{mult=3.0maxPower=1.0}}

Load{id=0 requiredPower=0.25088535302030285}
-- Generator{id=1 power=1.0 CO2=CO2Simple{mult=2.0maxPower=1.0}}

---------------------------------------
G 2 1.0 3 1 2
S 3.0 1.0
G 1 1.0 3 1 0
S 2.0 1.0
L 3 0.2494073337923688 2 1
L 1 0.2501626666170022 2 1
L 2 0.25067829278313725 2
L 0 0.25088535302030285 1

Generation complete.
---------------------------------------
[class: powerGrid.PowerGrid method: getMCCop] recap of tables:
load generator nodevariables:
Load{id=3 requiredPower=0.2494073337923688} - Generator{id=2 power=1.0 CO2=CO2Simple{mult=3.0maxPower=1.0}} - NodeVariable_0
Load{id=3 requiredPower=0.2494073337923688} - Generator{id=1 power=1.0 CO2=CO2Simple{mult=2.0maxPower=1.0}} - NodeVariable_1
Load{id=1 requiredPower=0.2501626666170022} - Generator{id=2 power=1.0 CO2=CO2Simple{mult=3.0maxPower=1.0}} - NodeVariable_2
Load{id=1 requiredPower=0.2501626666170022} - Generator{id=1 power=1.0 CO2=CO2Simple{mult=2.0maxPower=1.0}} - NodeVariable_3

load generator function
Load{id=3 requiredPower=0.2494073337923688} - Generator{id=2 power=1.0 CO2=CO2Simple{mult=3.0maxPower=1.0}} - NodeFunction_2
Load{id=3 requiredPower=0.2494073337923688} - Generator{id=1 power=1.0 CO2=CO2Simple{mult=2.0maxPower=1.0}} - NodeFunction_1
Load{id=1 requiredPower=0.2501626666170022} - Generator{id=2 power=1.0 CO2=CO2Simple{mult=3.0maxPower=1.0}} - NodeFunction_2
Load{id=1 requiredPower=0.2501626666170022} - Generator{id=1 power=1.0 CO2=CO2Simple{mult=2.0maxPower=1.0}} - NodeFunction_1

generator function
Generator{id=2 power=1.0 CO2=CO2Simple{mult=3.0maxPower=1.0}} NodeFunction_2
Generator{id=1 power=1.0 CO2=CO2Simple{mult=2.0maxPower=1.0}} NodeFunction_1

fmod:
NodeFunction_2 - 0.25067829278313725
NodeFunction_1 - 0.25088535302030285
---------------------------------------
AGENT 1
VARIABLE 0 1 2
VARIABLE 1 1 2
VARIABLE 2 1 2
VARIABLE 3 1 2
CONSTRAINTOVV 4 1 2 3 
F 0 1 0.0
F 1 0 0.0
CONSTRAINTOVV 3 1 0 1 
F 0 1 0.0
F 1 0 0.0
CONSTRAINT 2 1 0 2 
F 0 0 0.7526560590609086
F 0 1 1.5031440589119152
F 1 0 1.5008780604380147
F 1 1 2.2513660602890218
CONSTRAINT 1 1 1 3 
F 0 0 0.5017707060406057
F 1 1 1.5009107068593477
F 1 0 1.0005853736253432
F 0 1 1.00209603927461

Start solver!
---------------------------------------
[class: maxsum.Agent method: sendQMessages] agent Agent_1 preparing Q from NodeVariable_0 to NodeFunction_2
---------------------------------------
---------------------------------------
[class: maxsum.Agent method: sendQMessages]  computeq from NodeVariable_0 to NodeFunction_2
rmessages contains: 
---------------------------------------
---------------------------------------
[class: maxsum.Agent method: sendQMessages] Building up messageR and messageQ
Created messager Message from NodeFunction_2 to NodeVariable_0 = [1.0,1.0,] from NodeFunction_2 (it should be NodeFunction_2) to NodeVariable_0 (it should be NodeVariable_0)
---------------------------------------
---------------------------------------
[class: olimpo.Athena method: solve_complete] messageQ updated:
Sender NodeVariable_0 Receiver NodeFunction_2 message Message from NodeVariable_0 to NodeFunction_2 = [0.0,0.0,]
---------------------------------------
---------------------------------------
[class: maxsum.Agent method: sendQMessages] agent Agent_1 preparing Q from NodeVariable_1 to NodeFunction_3
---------------------------------------
---------------------------------------
[class: maxsum.Agent method: sendQMessages]  computeq from NodeVariable_1 to NodeFunction_3
rmessages contains: 
---------------------------------------
---------------------------------------
[class: maxsum.Agent method: sendQMessages] Building up messageR and messageQ
Created messager Message from NodeFunction_3 to NodeVariable_1 = [1.0,1.0,] from NodeFunction_3 (it should be NodeFunction_3) to NodeVariable_1 (it should be NodeVariable_1)
---------------------------------------
---------------------------------------
[class: olimpo.Athena method: solve_complete] messageQ updated:
Sender NodeVariable_1 Receiver NodeFunction_1 message Message from NodeVariable_1 to NodeFunction_1 = [0.0,0.0,]
---------------------------------------
---------------------------------------
[class: maxsum.Agent method: sendQMessages] agent Agent_1 preparing Q from NodeVariable_1 to NodeFunction_1
---------------------------------------
---------------------------------------
[class: maxsum.Agent method: sendQMessages]  computeq from NodeVariable_1 to NodeFunction_1
rmessages contains: 
---------------------------------------
---------------------------------------
[class: maxsum.Agent method: sendQMessages] Building up messageR and messageQ
Created messager Message from NodeFunction_1 to NodeVariable_1 = [1.0,1.0,] from NodeFunction_1 (it should be NodeFunction_1) to NodeVariable_1 (it should be NodeVariable_1)
---------------------------------------
---------------------------------------
[class: olimpo.Athena method: solve_complete] messageQ updated:
Sender NodeVariable_1 Receiver NodeFunction_1 message Message from NodeVariable_1 to NodeFunction_1 = [0.0,0.0,]
---------------------------------------
---------------------------------------
[class: maxsum.Agent method: sendQMessages] agent Agent_1 preparing Q from NodeVariable_2 to NodeFunction_2
---------------------------------------
---------------------------------------
[class: maxsum.Agent method: sendQMessages]  computeq from NodeVariable_2 to NodeFunction_2
rmessages contains: 
---------------------------------------
---------------------------------------
[class: maxsum.Agent method: sendQMessages] Building up messageR and messageQ
Created messager Message from NodeFunction_2 to NodeVariable_2 = [1.0,1.0,] from NodeFunction_2 (it should be NodeFunction_2) to NodeVariable_2 (it should be NodeVariable_2)
---------------------------------------
---------------------------------------
[class: olimpo.Athena method: solve_complete] messageQ updated:
Sender NodeVariable_2 Receiver NodeFunction_2 message Message from NodeVariable_2 to NodeFunction_2 = [0.0,0.0,]
---------------------------------------
---------------------------------------
[class: maxsum.Agent method: sendQMessages] agent Agent_1 preparing Q from NodeVariable_3 to NodeFunction_4
---------------------------------------
---------------------------------------
[class: maxsum.Agent method: sendQMessages]  computeq from NodeVariable_3 to NodeFunction_4
rmessages contains: 
---------------------------------------
---------------------------------------
[class: maxsum.Agent method: sendQMessages] Building up messageR and messageQ
Created messager Message from NodeFunction_4 to NodeVariable_3 = [1.0,1.0,] from NodeFunction_4 (it should be NodeFunction_4) to NodeVariable_3 (it should be NodeVariable_3)
---------------------------------------
---------------------------------------
[class: olimpo.Athena method: solve_complete] messageQ updated:
Sender NodeVariable_3 Receiver NodeFunction_1 message Message from NodeVariable_3 to NodeFunction_1 = [0.0,0.0,]
---------------------------------------
---------------------------------------
[class: maxsum.Agent method: sendQMessages] agent Agent_1 preparing Q from NodeVariable_3 to NodeFunction_1
---------------------------------------
---------------------------------------
[class: maxsum.Agent method: sendQMessages]  computeq from NodeVariable_3 to NodeFunction_1
rmessages contains: 
---------------------------------------
---------------------------------------
[class: maxsum.Agent method: sendQMessages] Building up messageR and messageQ
Created messager Message from NodeFunction_1 to NodeVariable_3 = [1.0,1.0,] from NodeFunction_1 (it should be NodeFunction_1) to NodeVariable_3 (it should be NodeVariable_3)
---------------------------------------
---------------------------------------
[class: olimpo.Athena method: solve_complete] messageQ updated:
Sender NodeVariable_3 Receiver NodeFunction_1 message Message from NodeVariable_3 to NodeFunction_1 = [0.0,0.0,]
---------------------------------------
---------------------------------------
[class: maxsum.Agent method: sendRMessages] agent Agent_1  preparing R from NodeFunction_4 to NodeVariable_2
---------------------------------------
---------------------------------------
[class: operation.MSumOperator method: updateR] contains the following 1 qmessages:
MessageQ Message from NodeVariable_3 to NodeFunction_1 = [0.0,0.0,]  and sender NodeVariable_3
---------------------------------------
---------------------------------------
[class: maxsum.Agent method: sendRMessages] MessageR created: Message from NodeFunction_4 to NodeVariable_2 = [0.0,0.0,]
---------------------------------------
---------------------------------------
[class: olimpo.Athena method: solve_complete] messageR updated:
Sender NodeFunction_4 Receiver NodeVariable_2 message Message from NodeFunction_4 to NodeVariable_2 = [0.0,0.0,]
---------------------------------------
---------------------------------------
[class: maxsum.Agent method: sendRMessages] agent Agent_1  preparing R from NodeFunction_4 to NodeVariable_3
---------------------------------------
---------------------------------------
[class: operation.MSumOperator method: updateR] contains the following 0 qmessages:
---------------------------------------
---------------------------------------
[class: maxsum.Agent method: sendRMessages] MessageR created: Message from NodeFunction_4 to NodeVariable_3 = [0.0,0.0,]
---------------------------------------
---------------------------------------
[class: olimpo.Athena method: solve_complete] messageR updated:
Sender NodeFunction_4 Receiver NodeVariable_3 message Message from NodeFunction_4 to NodeVariable_3 = [0.0,0.0,]
---------------------------------------
---------------------------------------
[class: maxsum.Agent method: sendRMessages] agent Agent_1  preparing R from NodeFunction_3 to NodeVariable_0
---------------------------------------
---------------------------------------
[class: operation.MSumOperator method: updateR] contains the following 1 qmessages:
MessageQ Message from NodeVariable_1 to NodeFunction_1 = [0.0,0.0,]  and sender NodeVariable_1
---------------------------------------
---------------------------------------
[class: maxsum.Agent method: sendRMessages] MessageR created: Message from NodeFunction_3 to NodeVariable_0 = [0.0,0.0,]
---------------------------------------
---------------------------------------
[class: olimpo.Athena method: solve_complete] messageR updated:
Sender NodeFunction_3 Receiver NodeVariable_0 message Message from NodeFunction_3 to NodeVariable_0 = [0.0,0.0,]
---------------------------------------
---------------------------------------
[class: maxsum.Agent method: sendRMessages] agent Agent_1  preparing R from NodeFunction_3 to NodeVariable_1
---------------------------------------
---------------------------------------
[class: operation.MSumOperator method: updateR] contains the following 0 qmessages:
---------------------------------------
---------------------------------------
[class: maxsum.Agent method: sendRMessages] MessageR created: Message from NodeFunction_3 to NodeVariable_1 = [0.0,0.0,]
---------------------------------------
---------------------------------------
[class: olimpo.Athena method: solve_complete] messageR updated:
Sender NodeFunction_3 Receiver NodeVariable_1 message Message from NodeFunction_3 to NodeVariable_1 = [0.0,0.0,]
---------------------------------------
---------------------------------------
[class: maxsum.Agent method: sendRMessages] agent Agent_1  preparing R from NodeFunction_2 to NodeVariable_0
---------------------------------------
---------------------------------------
[class: operation.MSumOperator method: updateR] contains the following 1 qmessages:
MessageQ Message from NodeVariable_2 to NodeFunction_2 = [0.0,0.0,]  and sender NodeVariable_2
---------------------------------------
---------------------------------------
[class: maxsum.Agent method: sendRMessages] MessageR created: Message from NodeFunction_2 to NodeVariable_0 = [0.7526560590609086,1.5008780604380147,]
---------------------------------------
---------------------------------------
[class: olimpo.Athena method: solve_complete] messageR updated:
Sender NodeFunction_2 Receiver NodeVariable_0 message Message from NodeFunction_2 to NodeVariable_0 = [0.7526560590609086,1.5008780604380147,]
---------------------------------------
---------------------------------------
[class: maxsum.Agent method: sendRMessages] agent Agent_1  preparing R from NodeFunction_2 to NodeVariable_2
---------------------------------------
---------------------------------------
[class: operation.MSumOperator method: updateR] contains the following 1 qmessages:
MessageQ Message from NodeVariable_0 to NodeFunction_2 = [0.0,0.0,]  and sender NodeVariable_0
---------------------------------------
---------------------------------------
[class: maxsum.Agent method: sendRMessages] MessageR created: Message from NodeFunction_2 to NodeVariable_2 = [0.7526560590609086,1.5031440589119152,]
---------------------------------------
---------------------------------------
[class: olimpo.Athena method: solve_complete] messageR updated:
Sender NodeFunction_2 Receiver NodeVariable_2 message Message from NodeFunction_2 to NodeVariable_2 = [0.7526560590609086,1.5031440589119152,]
---------------------------------------
---------------------------------------
[class: maxsum.Agent method: sendRMessages] agent Agent_1  preparing R from NodeFunction_1 to NodeVariable_1
---------------------------------------
---------------------------------------
[class: operation.MSumOperator method: updateR] contains the following 1 qmessages:
MessageQ Message from NodeVariable_3 to NodeFunction_1 = [0.0,0.0,]  and sender NodeVariable_3
---------------------------------------
---------------------------------------
[class: maxsum.Agent method: sendRMessages] MessageR created: Message from NodeFunction_1 to NodeVariable_1 = [0.5017707060406057,1.0005853736253432,]
---------------------------------------
---------------------------------------
[class: olimpo.Athena method: solve_complete] messageR updated:
Sender NodeFunction_1 Receiver NodeVariable_1 message Message from NodeFunction_1 to NodeVariable_1 = [0.5017707060406057,1.0005853736253432,]
---------------------------------------
---------------------------------------
[class: maxsum.Agent method: sendRMessages] agent Agent_1  preparing R from NodeFunction_1 to NodeVariable_3
---------------------------------------
---------------------------------------
[class: operation.MSumOperator method: updateR] contains the following 1 qmessages:
MessageQ Message from NodeVariable_1 to NodeFunction_1 = [0.0,0.0,]  and sender NodeVariable_1
---------------------------------------
---------------------------------------
[class: maxsum.Agent method: sendRMessages] MessageR created: Message from NodeFunction_1 to NodeVariable_3 = [0.5017707060406057,1.00209603927461,]
---------------------------------------
---------------------------------------
[class: olimpo.Athena method: solve_complete] messageR updated:
Sender NodeFunction_1 Receiver NodeVariable_3 message Message from NodeFunction_1 to NodeVariable_3 = [0.5017707060406057,1.00209603927461,]
---------------------------------------
---------------------------------------
[class: olimpo.Athena method: solve_complete] agent Agent_1preparing to update ZMessage for NodeVariable_0
---------------------------------------
---------------------------------------
[class: operation.MSumOperator method: updateZ] Computing Z for NodeVariable_0 with 2 messages
---------------------------------------
---------------------------------------
[class: maxsum.Agent method: sendZMessages] Z-message updated for NodeVariable_0 [ 0.7526560590609086 ,1.5008780604380147]
---------------------------------------
---------------------------------------
[class: olimpo.Athena method: solve_complete] agent Agent_1preparing to update ZMessage for NodeVariable_1
---------------------------------------
---------------------------------------
[class: operation.MSumOperator method: updateZ] Computing Z for NodeVariable_1 with 2 messages
---------------------------------------
---------------------------------------
[class: maxsum.Agent method: sendZMessages] Z-message updated for NodeVariable_1 [ 0.5017707060406057 ,1.0005853736253432]
---------------------------------------
---------------------------------------
[class: olimpo.Athena method: solve_complete] agent Agent_1preparing to update ZMessage for NodeVariable_2
---------------------------------------
---------------------------------------
[class: operation.MSumOperator method: updateZ] Computing Z for NodeVariable_2 with 2 messages
---------------------------------------
---------------------------------------
[class: maxsum.Agent method: sendZMessages] Z-message updated for NodeVariable_2 [ 0.7526560590609086 ,1.5031440589119152]
---------------------------------------
---------------------------------------
[class: olimpo.Athena method: solve_complete] agent Agent_1preparing to update ZMessage for NodeVariable_3
---------------------------------------
---------------------------------------
[class: operation.MSumOperator method: updateZ] Computing Z for NodeVariable_3 with 2 messages
---------------------------------------
---------------------------------------
[class: maxsum.Agent method: sendZMessages] Z-message updated for NodeVariable_3 [ 0.5017707060406057 ,1.00209603927461]
---------------------------------------
---------------------------------------
[class: maxsum.Agent method: updateVariableValue] for the nodevariable NodeVariable_0 set the value 0
---------------------------------------
---------------------------------------
[class: maxsum.Agent method: updateVariableValue] for the nodevariable NodeVariable_1 set the value 0
---------------------------------------
---------------------------------------
[class: maxsum.Agent method: updateVariableValue] for the nodevariable NodeVariable_2 set the value 0
---------------------------------------
---------------------------------------
[class: maxsum.Agent method: updateVariableValue] for the nodevariable NodeVariable_3 set the value 0
---------------------------------------
iteration_1=Infinity;NodeVariable_0=0;NodeVariable_1=0;NodeVariable_2=0;NodeVariable_3=0;
---------------------------------------
[class: maxsum.Agent method: sendQMessages] agent Agent_1 preparing Q from NodeVariable_0 to NodeFunction_2
---------------------------------------
---------------------------------------
[class: maxsum.Agent method: sendQMessages]  computeq from NodeVariable_0 to NodeFunction_2
rmessages contains: 
---------------------------------------
---------------------------------------
[class: maxsum.Agent method: sendQMessages] Building up messageR and messageQ
Created messager Message from NodeFunction_2 to NodeVariable_0 = [1.0,1.0,] from NodeFunction_2 (it should be NodeFunction_2) to NodeVariable_0 (it should be NodeVariable_0)
---------------------------------------
---------------------------------------
[class: olimpo.Athena method: solve_complete] messageQ updated:
Sender NodeVariable_0 Receiver NodeFunction_2 message Message from NodeVariable_0 to NodeFunction_2 = [0.0,0.0,]
---------------------------------------
---------------------------------------
[class: maxsum.Agent method: sendQMessages] agent Agent_1 preparing Q from NodeVariable_1 to NodeFunction_3
---------------------------------------
---------------------------------------
[class: maxsum.Agent method: sendQMessages]  computeq from NodeVariable_1 to NodeFunction_3
rmessages contains: Message from NodeFunction_1 to NodeVariable_1 = [0.5017707060406057,1.0005853736253432,](from NodeFunction_1 to NodeVariable_1) 
---------------------------------------
---------------------------------------
[class: operation.MSumOperator method: updateQ] Ready to prepare messageq with sender NodeVariable_1 and receiver NodeFunction_3
---------------------------------------
---------------------------------------
[class: olimpo.Athena method: solve_complete] messageQ updated:
Sender NodeVariable_1 Receiver NodeFunction_3 message Message from NodeVariable_1 to NodeFunction_3 = [-0.24940733379236868,0.2494073337923688,]
---------------------------------------
---------------------------------------
[class: maxsum.Agent method: sendQMessages] agent Agent_1 preparing Q from NodeVariable_1 to NodeFunction_1
---------------------------------------
---------------------------------------
[class: maxsum.Agent method: sendQMessages]  computeq from NodeVariable_1 to NodeFunction_1
rmessages contains: Message from NodeFunction_3 to NodeVariable_1 = [0.0,0.0,](from NodeFunction_3 to NodeVariable_1) 
---------------------------------------
---------------------------------------
[class: operation.MSumOperator method: updateQ] Ready to prepare messageq with sender NodeVariable_1 and receiver NodeFunction_1
---------------------------------------
---------------------------------------
[class: olimpo.Athena method: solve_complete] messageQ updated:
Sender NodeVariable_1 Receiver NodeFunction_1 message Message from NodeVariable_1 to NodeFunction_1 = [0.0,0.0,]
---------------------------------------
---------------------------------------
[class: maxsum.Agent method: sendQMessages] agent Agent_1 preparing Q from NodeVariable_2 to NodeFunction_2
---------------------------------------
---------------------------------------
[class: maxsum.Agent method: sendQMessages]  computeq from NodeVariable_2 to NodeFunction_2
rmessages contains: 
---------------------------------------
---------------------------------------
[class: maxsum.Agent method: sendQMessages] Building up messageR and messageQ
Created messager Message from NodeFunction_2 to NodeVariable_2 = [1.0,1.0,] from NodeFunction_2 (it should be NodeFunction_2) to NodeVariable_2 (it should be NodeVariable_2)
---------------------------------------
---------------------------------------
[class: olimpo.Athena method: solve_complete] messageQ updated:
Sender NodeVariable_2 Receiver NodeFunction_2 message Message from NodeVariable_2 to NodeFunction_2 = [0.0,0.0,]
---------------------------------------
---------------------------------------
[class: maxsum.Agent method: sendQMessages] agent Agent_1 preparing Q from NodeVariable_3 to NodeFunction_4
---------------------------------------
---------------------------------------
[class: maxsum.Agent method: sendQMessages]  computeq from NodeVariable_3 to NodeFunction_4
rmessages contains: Message from NodeFunction_1 to NodeVariable_3 = [0.5017707060406057,1.00209603927461,](from NodeFunction_1 to NodeVariable_3) 
---------------------------------------
---------------------------------------
[class: operation.MSumOperator method: updateQ] Ready to prepare messageq with sender NodeVariable_3 and receiver NodeFunction_4
---------------------------------------
---------------------------------------
[class: olimpo.Athena method: solve_complete] messageQ updated:
Sender NodeVariable_3 Receiver NodeFunction_4 message Message from NodeVariable_3 to NodeFunction_4 = [-0.25016266661700215,0.25016266661700226,]
---------------------------------------
---------------------------------------
[class: maxsum.Agent method: sendQMessages] agent Agent_1 preparing Q from NodeVariable_3 to NodeFunction_1
---------------------------------------
---------------------------------------
[class: maxsum.Agent method: sendQMessages]  computeq from NodeVariable_3 to NodeFunction_1
rmessages contains: Message from NodeFunction_4 to NodeVariable_3 = [0.0,0.0,](from NodeFunction_4 to NodeVariable_3) 
---------------------------------------
---------------------------------------
[class: operation.MSumOperator method: updateQ] Ready to prepare messageq with sender NodeVariable_3 and receiver NodeFunction_1
---------------------------------------
---------------------------------------
[class: olimpo.Athena method: solve_complete] messageQ updated:
Sender NodeVariable_3 Receiver NodeFunction_1 message Message from NodeVariable_3 to NodeFunction_1 = [0.0,0.0,]
---------------------------------------
---------------------------------------
[class: maxsum.Agent method: sendRMessages] agent Agent_1  preparing R from NodeFunction_4 to NodeVariable_2
---------------------------------------
---------------------------------------
[class: operation.MSumOperator method: updateR] contains the following 1 qmessages:
MessageQ Message from NodeVariable_3 to NodeFunction_4 = [-0.25016266661700215,0.25016266661700226,]  and sender NodeVariable_3
---------------------------------------
---------------------------------------
[class: maxsum.Agent method: sendRMessages] MessageR created: Message from NodeFunction_4 to NodeVariable_2 = [0.25016266661700226,-0.25016266661700215,]
---------------------------------------
---------------------------------------
[class: olimpo.Athena method: solve_complete] messageR updated:
Sender NodeFunction_4 Receiver NodeVariable_2 message Message from NodeFunction_4 to NodeVariable_2 = [0.25016266661700226,-0.25016266661700215,]
---------------------------------------
---------------------------------------
[class: maxsum.Agent method: sendRMessages] agent Agent_1  preparing R from NodeFunction_4 to NodeVariable_3
---------------------------------------
---------------------------------------
[class: operation.MSumOperator method: updateR] contains the following 0 qmessages:
---------------------------------------
---------------------------------------
[class: maxsum.Agent method: sendRMessages] MessageR created: Message from NodeFunction_4 to NodeVariable_3 = [0.0,0.0,]
---------------------------------------
---------------------------------------
[class: olimpo.Athena method: solve_complete] messageR updated:
Sender NodeFunction_4 Receiver NodeVariable_3 message Message from NodeFunction_4 to NodeVariable_3 = [0.0,0.0,]
---------------------------------------
---------------------------------------
[class: maxsum.Agent method: sendRMessages] agent Agent_1  preparing R from NodeFunction_3 to NodeVariable_0
---------------------------------------
---------------------------------------
[class: operation.MSumOperator method: updateR] contains the following 1 qmessages:
MessageQ Message from NodeVariable_1 to NodeFunction_3 = [-0.24940733379236868,0.2494073337923688,]  and sender NodeVariable_1
---------------------------------------
---------------------------------------
[class: maxsum.Agent method: sendRMessages] MessageR created: Message from NodeFunction_3 to NodeVariable_0 = [0.2494073337923688,-0.24940733379236868,]
---------------------------------------
---------------------------------------
[class: olimpo.Athena method: solve_complete] messageR updated:
Sender NodeFunction_3 Receiver NodeVariable_0 message Message from NodeFunction_3 to NodeVariable_0 = [0.2494073337923688,-0.24940733379236868,]
---------------------------------------
---------------------------------------
[class: maxsum.Agent method: sendRMessages] agent Agent_1  preparing R from NodeFunction_3 to NodeVariable_1
---------------------------------------
---------------------------------------
[class: operation.MSumOperator method: updateR] contains the following 0 qmessages:
---------------------------------------
---------------------------------------
[class: maxsum.Agent method: sendRMessages] MessageR created: Message from NodeFunction_3 to NodeVariable_1 = [0.0,0.0,]
---------------------------------------
---------------------------------------
[class: olimpo.Athena method: solve_complete] messageR updated:
Sender NodeFunction_3 Receiver NodeVariable_1 message Message from NodeFunction_3 to NodeVariable_1 = [0.0,0.0,]
---------------------------------------
---------------------------------------
[class: maxsum.Agent method: sendRMessages] agent Agent_1  preparing R from NodeFunction_2 to NodeVariable_0
---------------------------------------
---------------------------------------
[class: operation.MSumOperator method: updateR] contains the following 1 qmessages:
MessageQ Message from NodeVariable_2 to NodeFunction_2 = [0.0,0.0,]  and sender NodeVariable_2
---------------------------------------
---------------------------------------
[class: maxsum.Agent method: sendRMessages] MessageR created: Message from NodeFunction_2 to NodeVariable_0 = [0.7526560590609086,1.5008780604380147,]
---------------------------------------
---------------------------------------
[class: olimpo.Athena method: solve_complete] messageR updated:
Sender NodeFunction_2 Receiver NodeVariable_0 message Message from NodeFunction_2 to NodeVariable_0 = [0.7526560590609086,1.5008780604380147,]
---------------------------------------
---------------------------------------
[class: maxsum.Agent method: sendRMessages] agent Agent_1  preparing R from NodeFunction_2 to NodeVariable_2
---------------------------------------
---------------------------------------
[class: operation.MSumOperator method: updateR] contains the following 1 qmessages:
MessageQ Message from NodeVariable_0 to NodeFunction_2 = [0.0,0.0,]  and sender NodeVariable_0
---------------------------------------
---------------------------------------
[class: maxsum.Agent method: sendRMessages] MessageR created: Message from NodeFunction_2 to NodeVariable_2 = [0.7526560590609086,1.5031440589119152,]
---------------------------------------
---------------------------------------
[class: olimpo.Athena method: solve_complete] messageR updated:
Sender NodeFunction_2 Receiver NodeVariable_2 message Message from NodeFunction_2 to NodeVariable_2 = [0.7526560590609086,1.5031440589119152,]
---------------------------------------
---------------------------------------
[class: maxsum.Agent method: sendRMessages] agent Agent_1  preparing R from NodeFunction_1 to NodeVariable_1
---------------------------------------
---------------------------------------
[class: operation.MSumOperator method: updateR] contains the following 1 qmessages:
MessageQ Message from NodeVariable_3 to NodeFunction_1 = [0.0,0.0,]  and sender NodeVariable_3
---------------------------------------
---------------------------------------
[class: maxsum.Agent method: sendRMessages] MessageR created: Message from NodeFunction_1 to NodeVariable_1 = [0.5017707060406057,1.0005853736253432,]
---------------------------------------
---------------------------------------
[class: olimpo.Athena method: solve_complete] messageR updated:
Sender NodeFunction_1 Receiver NodeVariable_1 message Message from NodeFunction_1 to NodeVariable_1 = [0.5017707060406057,1.0005853736253432,]
---------------------------------------
---------------------------------------
[class: maxsum.Agent method: sendRMessages] agent Agent_1  preparing R from NodeFunction_1 to NodeVariable_3
---------------------------------------
---------------------------------------
[class: operation.MSumOperator method: updateR] contains the following 1 qmessages:
MessageQ Message from NodeVariable_1 to NodeFunction_1 = [0.0,0.0,]  and sender NodeVariable_1
---------------------------------------
---------------------------------------
[class: maxsum.Agent method: sendRMessages] MessageR created: Message from NodeFunction_1 to NodeVariable_3 = [0.5017707060406057,1.00209603927461,]
---------------------------------------
---------------------------------------
[class: olimpo.Athena method: solve_complete] messageR updated:
Sender NodeFunction_1 Receiver NodeVariable_3 message Message from NodeFunction_1 to NodeVariable_3 = [0.5017707060406057,1.00209603927461,]
---------------------------------------
---------------------------------------
[class: olimpo.Athena method: solve_complete] agent Agent_1preparing to update ZMessage for NodeVariable_0
---------------------------------------
---------------------------------------
[class: operation.MSumOperator method: updateZ] Computing Z for NodeVariable_0 with 2 messages
---------------------------------------
---------------------------------------
[class: maxsum.Agent method: sendZMessages] Z-message updated for NodeVariable_0 [ 1.0020633928532774 ,1.2514707266456462]
---------------------------------------
---------------------------------------
[class: olimpo.Athena method: solve_complete] agent Agent_1preparing to update ZMessage for NodeVariable_1
---------------------------------------
---------------------------------------
[class: operation.MSumOperator method: updateZ] Computing Z for NodeVariable_1 with 2 messages
---------------------------------------
---------------------------------------
[class: maxsum.Agent method: sendZMessages] Z-message updated for NodeVariable_1 [ 0.5017707060406057 ,1.0005853736253432]
---------------------------------------
---------------------------------------
[class: olimpo.Athena method: solve_complete] agent Agent_1preparing to update ZMessage for NodeVariable_2
---------------------------------------
---------------------------------------
[class: operation.MSumOperator method: updateZ] Computing Z for NodeVariable_2 with 2 messages
---------------------------------------
---------------------------------------
[class: maxsum.Agent method: sendZMessages] Z-message updated for NodeVariable_2 [ 1.0028187256779109 ,1.2529813922949131]
---------------------------------------
---------------------------------------
[class: olimpo.Athena method: solve_complete] agent Agent_1preparing to update ZMessage for NodeVariable_3
---------------------------------------
---------------------------------------
[class: operation.MSumOperator method: updateZ] Computing Z for NodeVariable_3 with 2 messages
---------------------------------------
---------------------------------------
[class: maxsum.Agent method: sendZMessages] Z-message updated for NodeVariable_3 [ 0.5017707060406057 ,1.00209603927461]
---------------------------------------
---------------------------------------
[class: maxsum.Agent method: updateVariableValue] for the nodevariable NodeVariable_0 set the value 0
---------------------------------------
---------------------------------------
[class: maxsum.Agent method: updateVariableValue] for the nodevariable NodeVariable_1 set the value 0
---------------------------------------
---------------------------------------
[class: maxsum.Agent method: updateVariableValue] for the nodevariable NodeVariable_2 set the value 0
---------------------------------------
---------------------------------------
[class: maxsum.Agent method: updateVariableValue] for the nodevariable NodeVariable_3 set the value 0
---------------------------------------
iteration_2=Infinity;NodeVariable_0=0;NodeVariable_1=0;NodeVariable_2=0;NodeVariable_3=0;
---------------------------------------
[class: maxsum.Agent method: sendQMessages] agent Agent_1 preparing Q from NodeVariable_0 to NodeFunction_2
---------------------------------------
---------------------------------------
[class: maxsum.Agent method: sendQMessages]  computeq from NodeVariable_0 to NodeFunction_2
rmessages contains: 
---------------------------------------
---------------------------------------
[class: maxsum.Agent method: sendQMessages] Building up messageR and messageQ
Created messager Message from NodeFunction_2 to NodeVariable_0 = [1.0,1.0,] from NodeFunction_2 (it should be NodeFunction_2) to NodeVariable_0 (it should be NodeVariable_0)
---------------------------------------
---------------------------------------
[class: olimpo.Athena method: solve_complete] messageQ updated:
Sender NodeVariable_0 Receiver NodeFunction_2 message Message from NodeVariable_0 to NodeFunction_2 = [0.0,0.0,]
---------------------------------------
---------------------------------------
[class: maxsum.Agent method: sendQMessages] agent Agent_1 preparing Q from NodeVariable_1 to NodeFunction_3
---------------------------------------
---------------------------------------
[class: maxsum.Agent method: sendQMessages]  computeq from NodeVariable_1 to NodeFunction_3
rmessages contains: Message from NodeFunction_1 to NodeVariable_1 = [0.5017707060406057,1.0005853736253432,](from NodeFunction_1 to NodeVariable_1) 
---------------------------------------
---------------------------------------
[class: operation.MSumOperator method: updateQ] Ready to prepare messageq with sender NodeVariable_1 and receiver NodeFunction_3
---------------------------------------
---------------------------------------
[class: olimpo.Athena method: solve_complete] messageQ updated:
Sender NodeVariable_1 Receiver NodeFunction_3 message Message from NodeVariable_1 to NodeFunction_3 = [-0.24940733379236868,0.2494073337923688,]
---------------------------------------
---------------------------------------
[class: maxsum.Agent method: sendQMessages] agent Agent_1 preparing Q from NodeVariable_1 to NodeFunction_1
---------------------------------------
---------------------------------------
[class: maxsum.Agent method: sendQMessages]  computeq from NodeVariable_1 to NodeFunction_1
rmessages contains: Message from NodeFunction_3 to NodeVariable_1 = [0.0,0.0,](from NodeFunction_3 to NodeVariable_1) 
---------------------------------------
---------------------------------------
[class: operation.MSumOperator method: updateQ] Ready to prepare messageq with sender NodeVariable_1 and receiver NodeFunction_1
---------------------------------------
---------------------------------------
[class: olimpo.Athena method: solve_complete] messageQ updated:
Sender NodeVariable_1 Receiver NodeFunction_1 message Message from NodeVariable_1 to NodeFunction_1 = [0.0,0.0,]
---------------------------------------
---------------------------------------
[class: maxsum.Agent method: sendQMessages] agent Agent_1 preparing Q from NodeVariable_2 to NodeFunction_2
---------------------------------------
---------------------------------------
[class: maxsum.Agent method: sendQMessages]  computeq from NodeVariable_2 to NodeFunction_2
rmessages contains: 
---------------------------------------
---------------------------------------
[class: maxsum.Agent method: sendQMessages] Building up messageR and messageQ
Created messager Message from NodeFunction_2 to NodeVariable_2 = [1.0,1.0,] from NodeFunction_2 (it should be NodeFunction_2) to NodeVariable_2 (it should be NodeVariable_2)
---------------------------------------
---------------------------------------
[class: olimpo.Athena method: solve_complete] messageQ updated:
Sender NodeVariable_2 Receiver NodeFunction_2 message Message from NodeVariable_2 to NodeFunction_2 = [0.0,0.0,]
---------------------------------------
---------------------------------------
[class: maxsum.Agent method: sendQMessages] agent Agent_1 preparing Q from NodeVariable_3 to NodeFunction_4
---------------------------------------
---------------------------------------
[class: maxsum.Agent method: sendQMessages]  computeq from NodeVariable_3 to NodeFunction_4
rmessages contains: Message from NodeFunction_1 to NodeVariable_3 = [0.5017707060406057,1.00209603927461,](from NodeFunction_1 to NodeVariable_3) 
---------------------------------------
---------------------------------------
[class: operation.MSumOperator method: updateQ] Ready to prepare messageq with sender NodeVariable_3 and receiver NodeFunction_4
---------------------------------------
---------------------------------------
[class: olimpo.Athena method: solve_complete] messageQ updated:
Sender NodeVariable_3 Receiver NodeFunction_4 message Message from NodeVariable_3 to NodeFunction_4 = [-0.25016266661700215,0.25016266661700226,]
---------------------------------------
---------------------------------------
[class: maxsum.Agent method: sendQMessages] agent Agent_1 preparing Q from NodeVariable_3 to NodeFunction_1
---------------------------------------
---------------------------------------
[class: maxsum.Agent method: sendQMessages]  computeq from NodeVariable_3 to NodeFunction_1
rmessages contains: Message from NodeFunction_4 to NodeVariable_3 = [0.0,0.0,](from NodeFunction_4 to NodeVariable_3) 
---------------------------------------
---------------------------------------
[class: operation.MSumOperator method: updateQ] Ready to prepare messageq with sender NodeVariable_3 and receiver NodeFunction_1
---------------------------------------
---------------------------------------
[class: olimpo.Athena method: solve_complete] messageQ updated:
Sender NodeVariable_3 Receiver NodeFunction_1 message Message from NodeVariable_3 to NodeFunction_1 = [0.0,0.0,]
---------------------------------------
---------------------------------------
[class: maxsum.Agent method: sendRMessages] agent Agent_1  preparing R from NodeFunction_4 to NodeVariable_2
---------------------------------------
---------------------------------------
[class: operation.MSumOperator method: updateR] contains the following 1 qmessages:
MessageQ Message from NodeVariable_3 to NodeFunction_4 = [-0.25016266661700215,0.25016266661700226,]  and sender NodeVariable_3
---------------------------------------
---------------------------------------
[class: maxsum.Agent method: sendRMessages] MessageR created: Message from NodeFunction_4 to NodeVariable_2 = [0.25016266661700226,-0.25016266661700215,]
---------------------------------------
---------------------------------------
[class: olimpo.Athena method: solve_complete] messageR updated:
Sender NodeFunction_4 Receiver NodeVariable_2 message Message from NodeFunction_4 to NodeVariable_2 = [0.25016266661700226,-0.25016266661700215,]
---------------------------------------
---------------------------------------
[class: maxsum.Agent method: sendRMessages] agent Agent_1  preparing R from NodeFunction_4 to NodeVariable_3
---------------------------------------
---------------------------------------
[class: operation.MSumOperator method: updateR] contains the following 0 qmessages:
---------------------------------------
---------------------------------------
[class: maxsum.Agent method: sendRMessages] MessageR created: Message from NodeFunction_4 to NodeVariable_3 = [0.0,0.0,]
---------------------------------------
---------------------------------------
[class: olimpo.Athena method: solve_complete] messageR updated:
Sender NodeFunction_4 Receiver NodeVariable_3 message Message from NodeFunction_4 to NodeVariable_3 = [0.0,0.0,]
---------------------------------------
---------------------------------------
[class: maxsum.Agent method: sendRMessages] agent Agent_1  preparing R from NodeFunction_3 to NodeVariable_0
---------------------------------------
---------------------------------------
[class: operation.MSumOperator method: updateR] contains the following 1 qmessages:
MessageQ Message from NodeVariable_1 to NodeFunction_3 = [-0.24940733379236868,0.2494073337923688,]  and sender NodeVariable_1
---------------------------------------
---------------------------------------
[class: maxsum.Agent method: sendRMessages] MessageR created: Message from NodeFunction_3 to NodeVariable_0 = [0.2494073337923688,-0.24940733379236868,]
---------------------------------------
---------------------------------------
[class: olimpo.Athena method: solve_complete] messageR updated:
Sender NodeFunction_3 Receiver NodeVariable_0 message Message from NodeFunction_3 to NodeVariable_0 = [0.2494073337923688,-0.24940733379236868,]
---------------------------------------
---------------------------------------
[class: maxsum.Agent method: sendRMessages] agent Agent_1  preparing R from NodeFunction_3 to NodeVariable_1
---------------------------------------
---------------------------------------
[class: operation.MSumOperator method: updateR] contains the following 0 qmessages:
---------------------------------------
---------------------------------------
[class: maxsum.Agent method: sendRMessages] MessageR created: Message from NodeFunction_3 to NodeVariable_1 = [0.0,0.0,]
---------------------------------------
---------------------------------------
[class: olimpo.Athena method: solve_complete] messageR updated:
Sender NodeFunction_3 Receiver NodeVariable_1 message Message from NodeFunction_3 to NodeVariable_1 = [0.0,0.0,]
---------------------------------------
---------------------------------------
[class: maxsum.Agent method: sendRMessages] agent Agent_1  preparing R from NodeFunction_2 to NodeVariable_0
---------------------------------------
---------------------------------------
[class: operation.MSumOperator method: updateR] contains the following 1 qmessages:
MessageQ Message from NodeVariable_2 to NodeFunction_2 = [0.0,0.0,]  and sender NodeVariable_2
---------------------------------------
---------------------------------------
[class: maxsum.Agent method: sendRMessages] MessageR created: Message from NodeFunction_2 to NodeVariable_0 = [0.7526560590609086,1.5008780604380147,]
---------------------------------------
---------------------------------------
[class: olimpo.Athena method: solve_complete] messageR updated:
Sender NodeFunction_2 Receiver NodeVariable_0 message Message from NodeFunction_2 to NodeVariable_0 = [0.7526560590609086,1.5008780604380147,]
---------------------------------------
---------------------------------------
[class: maxsum.Agent method: sendRMessages] agent Agent_1  preparing R from NodeFunction_2 to NodeVariable_2
---------------------------------------
---------------------------------------
[class: operation.MSumOperator method: updateR] contains the following 1 qmessages:
MessageQ Message from NodeVariable_0 to NodeFunction_2 = [0.0,0.0,]  and sender NodeVariable_0
---------------------------------------
---------------------------------------
[class: maxsum.Agent method: sendRMessages] MessageR created: Message from NodeFunction_2 to NodeVariable_2 = [0.7526560590609086,1.5031440589119152,]
---------------------------------------
---------------------------------------
[class: olimpo.Athena method: solve_complete] messageR updated:
Sender NodeFunction_2 Receiver NodeVariable_2 message Message from NodeFunction_2 to NodeVariable_2 = [0.7526560590609086,1.5031440589119152,]
---------------------------------------
---------------------------------------
[class: maxsum.Agent method: sendRMessages] agent Agent_1  preparing R from NodeFunction_1 to NodeVariable_1
---------------------------------------
---------------------------------------
[class: operation.MSumOperator method: updateR] contains the following 1 qmessages:
MessageQ Message from NodeVariable_3 to NodeFunction_1 = [0.0,0.0,]  and sender NodeVariable_3
---------------------------------------
---------------------------------------
[class: maxsum.Agent method: sendRMessages] MessageR created: Message from NodeFunction_1 to NodeVariable_1 = [0.5017707060406057,1.0005853736253432,]
---------------------------------------
---------------------------------------
[class: olimpo.Athena method: solve_complete] messageR updated:
Sender NodeFunction_1 Receiver NodeVariable_1 message Message from NodeFunction_1 to NodeVariable_1 = [0.5017707060406057,1.0005853736253432,]
---------------------------------------
---------------------------------------
[class: maxsum.Agent method: sendRMessages] agent Agent_1  preparing R from NodeFunction_1 to NodeVariable_3
---------------------------------------
---------------------------------------
[class: operation.MSumOperator method: updateR] contains the following 1 qmessages:
MessageQ Message from NodeVariable_1 to NodeFunction_1 = [0.0,0.0,]  and sender NodeVariable_1
---------------------------------------
---------------------------------------
[class: maxsum.Agent method: sendRMessages] MessageR created: Message from NodeFunction_1 to NodeVariable_3 = [0.5017707060406057,1.00209603927461,]
---------------------------------------
---------------------------------------
[class: olimpo.Athena method: solve_complete] messageR updated:
Sender NodeFunction_1 Receiver NodeVariable_3 message Message from NodeFunction_1 to NodeVariable_3 = [0.5017707060406057,1.00209603927461,]
---------------------------------------
---------------------------------------
[class: olimpo.Athena method: solve_complete] agent Agent_1preparing to update ZMessage for NodeVariable_0
---------------------------------------
---------------------------------------
[class: operation.MSumOperator method: updateZ] Computing Z for NodeVariable_0 with 2 messages
---------------------------------------
---------------------------------------
[class: maxsum.Agent method: sendZMessages] Z-message updated for NodeVariable_0 [ 1.0020633928532774 ,1.2514707266456462]
---------------------------------------
---------------------------------------
[class: olimpo.Athena method: solve_complete] agent Agent_1preparing to update ZMessage for NodeVariable_1
---------------------------------------
---------------------------------------
[class: operation.MSumOperator method: updateZ] Computing Z for NodeVariable_1 with 2 messages
---------------------------------------
---------------------------------------
[class: maxsum.Agent method: sendZMessages] Z-message updated for NodeVariable_1 [ 0.5017707060406057 ,1.0005853736253432]
---------------------------------------
---------------------------------------
[class: olimpo.Athena method: solve_complete] agent Agent_1preparing to update ZMessage for NodeVariable_2
---------------------------------------
---------------------------------------
[class: operation.MSumOperator method: updateZ] Computing Z for NodeVariable_2 with 2 messages
---------------------------------------
---------------------------------------
[class: maxsum.Agent method: sendZMessages] Z-message updated for NodeVariable_2 [ 1.0028187256779109 ,1.2529813922949131]
---------------------------------------
---------------------------------------
[class: olimpo.Athena method: solve_complete] agent Agent_1preparing to update ZMessage for NodeVariable_3
---------------------------------------
---------------------------------------
[class: operation.MSumOperator method: updateZ] Computing Z for NodeVariable_3 with 2 messages
---------------------------------------
---------------------------------------
[class: maxsum.Agent method: sendZMessages] Z-message updated for NodeVariable_3 [ 0.5017707060406057 ,1.00209603927461]
---------------------------------------
---------------------------------------
[class: maxsum.Agent method: updateVariableValue] for the nodevariable NodeVariable_0 set the value 0
---------------------------------------
---------------------------------------
[class: maxsum.Agent method: updateVariableValue] for the nodevariable NodeVariable_1 set the value 0
---------------------------------------
---------------------------------------
[class: maxsum.Agent method: updateVariableValue] for the nodevariable NodeVariable_2 set the value 0
---------------------------------------
---------------------------------------
[class: maxsum.Agent method: updateVariableValue] for the nodevariable NodeVariable_3 set the value 0
---------------------------------------
max_iterations_number=50
agents_number=1
variables_number=4
functions_number=4
final=Infinity;NodeVariable_0=0;NodeVariable_1=0;NodeVariable_2=0;NodeVariable_3=0;
total time [ms]=76
latest value got at iteration=2
total number of iteration=3
fixed point found=Y

BUILD SUCCESSFUL (total time: 1 second)
